Build started 2/2/2014 1:51:46 PM.
     1>Project "C:\Users\Himanshu\Documents\Visual Studio 2012\Projects\SED\SED\SED.vcxproj" on node 2 (Build target(s)).
     1>ClCompile:
         C:\Program Files (x86)\Microsoft Visual Studio 11.0\VC\bin\CL.exe /c /Zi /nologo /W3 /WX- /sdl /O2 /Oi /Oy- /GL /D _MBCS /D _MBCS /D _CRT_SECURE_NO_WARNINGS /Gm- /EHsc /MD /GS /Gy /fp:precise /Zc:wchar_t /Zc:forScope /Fo"Release\\" /Fd"Release\vc110.pdb" /Gd /TP /analyze- /errorReport:prompt MemMap.cpp decrypt.cpp encrypt.cpp hash.cpp main.cpp psf.cpp sceChnnlsv.cpp
         MemMap.cpp
         decrypt.cpp
         encrypt.cpp
         hash.cpp
         main.cpp
         psf.cpp
         sceChnnlsv.cpp
         C:\Program Files (x86)\Microsoft Visual Studio 11.0\VC\bin\CL.exe /c /Zi /nologo /W3 /WX- /sdl /O2 /Oi /Oy- /GL /D _MBCS /D _MBCS /D _CRT_SECURE_NO_WARNINGS /Gm- /EHsc /MD /GS /Gy /fp:precise /Zc:wchar_t /Zc:forScope /Fo"Release\\" /Fd"Release\vc110.pdb" /Gd /TC /analyze- /errorReport:prompt Kirk\AES.c Kirk\SHA1.c Kirk\amctrl.c Kirk\bn.c Kirk\ec.c Kirk\kirk_engine.c
         AES.c
         SHA1.c
         amctrl.c
         bn.c
         ec.c
         kirk_engine.c
       Link:
         C:\Program Files (x86)\Microsoft Visual Studio 11.0\VC\bin\link.exe /ERRORREPORT:PROMPT /OUT:"C:\Users\Himanshu\Documents\Visual Studio 2012\Projects\SED\Release\SED.exe" /NOLOGO kernel32.lib user32.lib gdi32.lib winspool.lib comdlg32.lib advapi32.lib shell32.lib ole32.lib oleaut32.lib uuid.lib odbc32.lib odbccp32.lib /MANIFEST /MANIFESTUAC:"level='asInvoker' uiAccess='false'" /manifest:embed /DEBUG /PDB:"C:\Users\Himanshu\Documents\Visual Studio 2012\Projects\SED\Release\SED.pdb" /OPT:REF /OPT:ICF /LTCG /TLBID:1 /DYNAMICBASE /NXCOMPAT /IMPLIB:"C:\Users\Himanshu\Documents\Visual Studio 2012\Projects\SED\Release\SED.lib" /MACHINE:X86 /SAFESEH Release\decrypt.obj
         Release\encrypt.obj
         Release\hash.obj
         Release\AES.obj
         Release\amctrl.obj
         Release\bn.obj
         Release\ec.obj
         Release\kirk_engine.obj
         Release\SHA1.obj
         Release\main.obj
         Release\MemMap.obj
         Release\psf.obj
         Release\sceChnnlsv.obj
         Generating code
         Finished generating code
         SED.vcxproj -> C:\Users\Himanshu\Documents\Visual Studio 2012\Projects\SED\Release\SED.exe
     1>Done Building Project "C:\Users\Himanshu\Documents\Visual Studio 2012\Projects\SED\SED\SED.vcxproj" (Build target(s)).

Build succeeded.

Time Elapsed 00:00:04.87
