C:\USERS\HIMANSHU\DOCUMENTS\VISUAL STUDIO 2012\PROJECTS\SED\SED\DEBUG\DECRYPT.OBJ
C:\USERS\HIMANSHU\DOCUMENTS\VISUAL STUDIO 2012\PROJECTS\SED\SED\DEBUG\ENCRYPT.OBJ
C:\USERS\HIMANSHU\DOCUMENTS\VISUAL STUDIO 2012\PROJECTS\SED\SED\DEBUG\HASH.OBJ
C:\USERS\HIMANSHU\DOCUMENTS\VISUAL STUDIO 2012\PROJECTS\SED\SED\DEBUG\MAIN.OBJ
C:\USERS\HIMANSHU\DOCUMENTS\VISUAL STUDIO 2012\PROJECTS\SED\SED\DEBUG\PSF.OBJ
C:\USERS\HIMANSHU\DOCUMENTS\VISUAL STUDIO 2012\PROJECTS\SED\SED\DEBUG\SCECHNNLSV.OBJ
C:\USERS\HIMANSHU\DOCUMENTS\VISUAL STUDIO 2012\PROJECTS\SED\SED\DEBUG\VC110.PDB
C:\USERS\HIMANSHU\DOCUMENTS\VISUAL STUDIO 2012\PROJECTS\SED\SED\DEBUG\AES.OBJ
C:\USERS\HIMANSHU\DOCUMENTS\VISUAL STUDIO 2012\PROJECTS\SED\SED\DEBUG\AMCTRL.OBJ
C:\USERS\HIMANSHU\DOCUMENTS\VISUAL STUDIO 2012\PROJECTS\SED\SED\DEBUG\BN.OBJ
C:\USERS\HIMANSHU\DOCUMENTS\VISUAL STUDIO 2012\PROJECTS\SED\SED\DEBUG\EC.OBJ
C:\USERS\HIMANSHU\DOCUMENTS\VISUAL STUDIO 2012\PROJECTS\SED\SED\DEBUG\KIRK_ENGINE.OBJ
C:\USERS\HIMANSHU\DOCUMENTS\VISUAL STUDIO 2012\PROJECTS\SED\SED\DEBUG\SHA1.OBJ
C:\Users\Himanshu\Documents\Visual Studio 2012\Projects\SED\SED\Debug\AES.obj
C:\Users\Himanshu\Documents\Visual Studio 2012\Projects\SED\SED\Debug\amctrl.obj
C:\Users\Himanshu\Documents\Visual Studio 2012\Projects\SED\SED\Debug\bn.obj
C:\Users\Himanshu\Documents\Visual Studio 2012\Projects\SED\SED\Debug\decrypt.obj
C:\Users\Himanshu\Documents\Visual Studio 2012\Projects\SED\SED\Debug\ec.obj
C:\Users\Himanshu\Documents\Visual Studio 2012\Projects\SED\SED\Debug\encrypt.obj
C:\Users\Himanshu\Documents\Visual Studio 2012\Projects\SED\SED\Debug\hash.obj
C:\Users\Himanshu\Documents\Visual Studio 2012\Projects\SED\SED\Debug\kirk_engine.obj
C:\Users\Himanshu\Documents\Visual Studio 2012\Projects\SED\SED\Debug\main.obj
C:\Users\Himanshu\Documents\Visual Studio 2012\Projects\SED\SED\Debug\psf.obj
C:\Users\Himanshu\Documents\Visual Studio 2012\Projects\SED\SED\Debug\sceChnnlsv.obj
C:\Users\Himanshu\Documents\Visual Studio 2012\Projects\SED\SED\Debug\SHA1.obj
C:\Users\Himanshu\Documents\Visual Studio 2012\Projects\SED\SED\Debug\cl.command.1.tlog
C:\Users\Himanshu\Documents\Visual Studio 2012\Projects\SED\SED\Debug\CL.read.1.tlog
C:\Users\Himanshu\Documents\Visual Studio 2012\Projects\SED\SED\Debug\CL.write.1.tlog
C:\Users\Himanshu\Documents\Visual Studio 2012\Projects\SED\SED\Debug\link-cvtres.read.1.tlog
C:\Users\Himanshu\Documents\Visual Studio 2012\Projects\SED\SED\Debug\link-cvtres.write.1.tlog
C:\Users\Himanshu\Documents\Visual Studio 2012\Projects\SED\SED\Debug\link-rc.read.1.tlog
C:\Users\Himanshu\Documents\Visual Studio 2012\Projects\SED\SED\Debug\link-rc.write.1.tlog
C:\Users\Himanshu\Documents\Visual Studio 2012\Projects\SED\SED\Debug\link.command.1.tlog
C:\Users\Himanshu\Documents\Visual Studio 2012\Projects\SED\SED\Debug\link.read.1.tlog
C:\Users\Himanshu\Documents\Visual Studio 2012\Projects\SED\SED\Debug\link.write.1.tlog
C:\Users\Himanshu\Documents\Visual Studio 2012\Projects\SED\SED\Debug\vc110.idb
C:\Users\Himanshu\Documents\Visual Studio 2012\Projects\SED\SED\Debug\vc110.pdb
C:\Users\Himanshu\Documents\Visual Studio 2012\Projects\SED\Debug\SED.pdb
