Build started 2/2/2014 2:23:09 AM.
     1>Project "C:\Users\Himanshu\Documents\Visual Studio 2012\Projects\SED\SED\SED.vcxproj" on node 2 (Build target(s)).
     1>ClCompile:
         C:\Program Files (x86)\Microsoft Visual Studio 11.0\VC\bin\CL.exe /c /ZI /nologo /W3 /WX- /sdl /Od /Oy- /D _MBCS /D _MBCS /D _CRT_SECURE_NO_WARNINGS /Gm /EHsc /RTC1 /MDd /GS /fp:precise /Zc:wchar_t /Zc:forScope /Fo"Debug\\" /Fd"Debug\vc110.pdb" /Gd /TP /analyze- /errorReport:prompt encrypt.cpp
         encrypt.cpp
       Link:
         C:\Program Files (x86)\Microsoft Visual Studio 11.0\VC\bin\link.exe /ERRORREPORT:PROMPT /OUT:"C:\Users\Himanshu\Documents\Visual Studio 2012\Projects\SED\Debug\SED.exe" /INCREMENTAL /NOLOGO kernel32.lib user32.lib gdi32.lib winspool.lib comdlg32.lib advapi32.lib shell32.lib ole32.lib oleaut32.lib uuid.lib odbc32.lib odbccp32.lib /MANIFEST /MANIFESTUAC:"level='asInvoker' uiAccess='false'" /manifest:embed /DEBUG /PDB:"C:\Users\Himanshu\Documents\Visual Studio 2012\Projects\SED\Debug\SED.pdb" /TLBID:1 /DYNAMICBASE /NXCOMPAT /IMPLIB:"C:\Users\Himanshu\Documents\Visual Studio 2012\Projects\SED\Debug\SED.lib" /MACHINE:X86 Debug\decrypt.obj
         Debug\encrypt.obj
         Debug\hash.obj
         Debug\AES.obj
         Debug\amctrl.obj
         Debug\bn.obj
         Debug\ec.obj
         Debug\kirk_engine.obj
         Debug\SHA1.obj
         Debug\main.obj
         Debug\MemMap.obj
         Debug\psf.obj
         Debug\sceChnnlsv.obj
         SED.vcxproj -> C:\Users\Himanshu\Documents\Visual Studio 2012\Projects\SED\Debug\SED.exe
     1>Done Building Project "C:\Users\Himanshu\Documents\Visual Studio 2012\Projects\SED\SED\SED.vcxproj" (Build target(s)).

Build succeeded.

Time Elapsed 00:00:01.10
